<?xml version="1.0" encoding="UTF-8"?>
<!-- Generated by org.testng.reporters.JUnitReportReporter -->
<testsuite skipped="1" hostname="DESKTOP-9CGM9OG" name="com.orghrm.testcases.AdminPageTest" tests="3" failures="0" timestamp="21 Nov 2019 15:06:10 GMT" time="41.840" errors="0">
  <testcase name="validateAddTestDataFromExcel" time="17.618" classname="com.orghrm.testcases.AdminPageTest">
    <skipped/>
  </testcase> <!-- validateAddTestDataFromExcel -->
  <testcase name="validateAddDataTest" time="23.356" classname="com.orghrm.testcases.AdminPageTest"/>
  <testcase name="validateClickAddBtnTest" time="0.866" classname="com.orghrm.testcases.AdminPageTest"/>
</testsuite> <!-- com.orghrm.testcases.AdminPageTest -->
